[0m19:09:51.203467 [debug] [MainThread]: Sending event: {'category': 'dbt', 'action': 'invocation', 'label': 'start', 'context': [<snowplow_tracker.self_describing_json.SelfDescribingJson object at 0x10d042570>, <snowplow_tracker.self_describing_json.SelfDescribingJson object at 0x10d6f1e50>, <snowplow_tracker.self_describing_json.SelfDescribingJson object at 0x10d6f1a90>]}


============================== 19:09:51.207556 | c74bfe68-1cf6-41ea-8eaf-3d141910d0d7 ==============================
[0m19:09:51.207556 [info ] [MainThread]: Running with dbt=1.11.8
[0m19:09:51.207910 [debug] [MainThread]: running dbt with arguments {'use_colors': 'True', 'version_check': 'True', 'fail_fast': 'False', 'introspect': 'True', 'invocation_command': 'dbt init ahrf_dbt', 'send_anonymous_usage_stats': 'True', 'log_path': 'logs', 'indirect_selection': 'eager', 'warn_error_options': 'WarnErrorOptionsV2(error=[], warn=[], silence=[])', 'log_format': 'default', 'profiles_dir': '/Users/youngrend/.dbt', 'log_cache_events': 'False', 'debug': 'False', 'write_json': 'True', 'partial_parse': 'True', 'static_parser': 'True', 'warn_error': 'None', 'quiet': 'False', 'printer_width': '80', 'use_experimental_parser': 'False', 'empty': 'None', 'no_print': 'None', 'target_path': 'None', 'cache_selected_only': 'False'}
[0m19:09:51.219411 [debug] [MainThread]: Starter project path: /Users/youngrend/.local/pipx/venvs/dbt-bigquery/lib/python3.12/site-packages/dbt/include/starter_project
[0m19:09:51.244054 [info ] [MainThread]: 
Your new dbt project "ahrf_dbt" was created!

For more information on how to configure the profiles.yml file,
please consult the dbt documentation here:

  https://docs.getdbt.com/docs/configure-your-profile

One more thing:

Need help? Don't hesitate to reach out to us via GitHub issues or on Slack:

  https://community.getdbt.com/

Happy modeling!

[0m19:09:51.244383 [info ] [MainThread]: Setting up your profile.
[0m19:15:01.979616 [info ] [MainThread]: Profile ahrf_dbt written to /Users/youngrend/.dbt/profiles.yml using target's profile_template.yml and your supplied values. Run 'dbt debug' to validate the connection.
[0m19:15:02.456592 [debug] [MainThread]: Resource report: {"command_name": "init", "command_success": true, "command_wall_clock_time": 311.2915, "process_in_blocks": "0", "process_kernel_time": 0.363916, "process_mem_max_rss": "204046336", "process_out_blocks": "0", "process_user_time": 1.289532}
[0m19:15:02.486413 [debug] [MainThread]: Command `dbt init` succeeded at 19:15:02.485007 after 311.33 seconds
[0m19:15:02.492138 [debug] [MainThread]: Sending event: {'category': 'dbt', 'action': 'invocation', 'label': 'end', 'context': [<snowplow_tracker.self_describing_json.SelfDescribingJson object at 0x10d6f1e20>, <snowplow_tracker.self_describing_json.SelfDescribingJson object at 0x11ad19f70>, <snowplow_tracker.self_describing_json.SelfDescribingJson object at 0x11b36c710>]}
[0m19:15:02.497378 [debug] [MainThread]: Flushing usage events
[0m19:15:02.986459 [debug] [MainThread]: An error was encountered while trying to flush usage events
[0m19:15:15.738264 [debug] [MainThread]: Sending event: {'category': 'dbt', 'action': 'invocation', 'label': 'start', 'context': [<snowplow_tracker.self_describing_json.SelfDescribingJson object at 0x10dc19b20>, <snowplow_tracker.self_describing_json.SelfDescribingJson object at 0x10df0de20>, <snowplow_tracker.self_describing_json.SelfDescribingJson object at 0x10df0da30>]}


============================== 19:15:15.742347 | 5582714c-9d94-4f4d-9115-e7ffb1526314 ==============================
[0m19:15:15.742347 [info ] [MainThread]: Running with dbt=1.11.8
[0m19:15:15.742699 [debug] [MainThread]: running dbt with arguments {'use_experimental_parser': 'False', 'warn_error': 'None', 'quiet': 'False', 'no_print': 'None', 'warn_error_options': 'WarnErrorOptionsV2(error=[], warn=[], silence=[])', 'version_check': 'True', 'invocation_command': 'dbt debug', 'cache_selected_only': 'False', 'indirect_selection': 'eager', 'use_colors': 'True', 'partial_parse': 'True', 'fail_fast': 'False', 'send_anonymous_usage_stats': 'True', 'target_path': 'None', 'log_cache_events': 'False', 'debug': 'False', 'empty': 'None', 'static_parser': 'True', 'printer_width': '80', 'profiles_dir': '/Users/youngrend/.dbt', 'log_path': 'logs', 'log_format': 'default', 'introspect': 'True', 'write_json': 'True'}
[0m19:15:15.757512 [info ] [MainThread]: dbt version: 1.11.8
[0m19:15:15.757840 [info ] [MainThread]: python version: 3.12.12
[0m19:15:15.758025 [info ] [MainThread]: python path: /Users/youngrend/.local/pipx/venvs/dbt-bigquery/bin/python
[0m19:15:15.758238 [info ] [MainThread]: os info: macOS-26.3.1-arm64-arm-64bit
[0m19:15:16.768079 [info ] [MainThread]: Error importing adapter: No module named 'dbt.adapters.duckdb'
[0m19:15:16.768475 [info ] [MainThread]: Using profiles dir at /Users/youngrend/.dbt
[0m19:15:16.768659 [info ] [MainThread]: Using profiles.yml file at /Users/youngrend/.dbt/profiles.yml
[0m19:15:16.768823 [info ] [MainThread]: Using dbt_project.yml file at /Users/youngrend/projects/dzc-capstone/dbt_project.yml
[0m19:15:16.768987 [info ] [MainThread]: Configuration:
[0m19:15:16.769136 [info ] [MainThread]:   profiles.yml file [[31mERROR invalid[0m]
[0m19:15:16.769278 [info ] [MainThread]:   dbt_project.yml file [[31mERROR not found[0m]
[0m19:15:16.769416 [info ] [MainThread]: Required dependencies:
[0m19:15:16.769615 [debug] [MainThread]: Executing "git --help"
[0m19:15:16.811087 [debug] [MainThread]: STDOUT: "b"usage: git [-v | --version] [-h | --help] [-C <path>] [-c <name>=<value>]\n           [--exec-path[=<path>]] [--html-path] [--man-path] [--info-path]\n           [-p | --paginate | -P | --no-pager] [--no-replace-objects] [--no-lazy-fetch]\n           [--no-optional-locks] [--no-advice] [--bare] [--git-dir=<path>]\n           [--work-tree=<path>] [--namespace=<name>] [--config-env=<name>=<envvar>]\n           <command> [<args>]\n\nThese are common Git commands used in various situations:\n\nstart a working area (see also: git help tutorial)\n   clone      Clone a repository into a new directory\n   init       Create an empty Git repository or reinitialize an existing one\n\nwork on the current change (see also: git help everyday)\n   add        Add file contents to the index\n   mv         Move or rename a file, a directory, or a symlink\n   restore    Restore working tree files\n   rm         Remove files from the working tree and from the index\n\nexamine the history and state (see also: git help revisions)\n   bisect     Use binary search to find the commit that introduced a bug\n   diff       Show changes between commits, commit and working tree, etc\n   grep       Print lines matching a pattern\n   log        Show commit logs\n   show       Show various types of objects\n   status     Show the working tree status\n\ngrow, mark and tweak your common history\n   backfill   Download missing objects in a partial clone\n   branch     List, create, or delete branches\n   commit     Record changes to the repository\n   merge      Join two or more development histories together\n   rebase     Reapply commits on top of another base tip\n   reset      Set `HEAD` or the index to a known state\n   switch     Switch branches\n   tag        Create, list, delete or verify tags\n\ncollaborate (see also: git help workflows)\n   fetch      Download objects and refs from another repository\n   pull       Fetch from and integrate with another repository or a local branch\n   push       Update remote refs along with associated objects\n\n'git help -a' and 'git help -g' list available subcommands and some\nconcept guides. See 'git help <command>' or 'git help <concept>'\nto read about a specific subcommand or concept.\nSee 'git help git' for an overview of the system.\n""
[0m19:15:16.812141 [debug] [MainThread]: STDERR: "b''"
[0m19:15:16.812393 [info ] [MainThread]:  - git [[32mOK found[0m]

[0m19:15:16.812655 [info ] [MainThread]: Connection test skipped since no profile was found
[0m19:15:16.812966 [info ] [MainThread]: [31m2 checks failed:[0m
[0m19:15:16.813140 [info ] [MainThread]: Could not load dbt_project.yml
Profile loading failed for the following reason:
Runtime Error
  Credentials in profile "taxi_rides_ny", target "dev" invalid: Runtime Error
    Could not find adapter type duckdb!


[0m19:15:16.813314 [info ] [MainThread]: Project loading failed for the following reason:
 project path </Users/youngrend/projects/dzc-capstone/dbt_project.yml> not found

[0m19:15:16.816613 [debug] [MainThread]: Resource report: {"command_name": "debug", "command_success": false, "command_wall_clock_time": 1.1345904, "process_in_blocks": "0", "process_kernel_time": 0.330006, "process_mem_max_rss": "207421440", "process_out_blocks": "0", "process_user_time": 1.361077}
[0m19:15:16.817322 [debug] [MainThread]: Command `dbt debug` failed at 19:15:16.817234 after 1.14 seconds
[0m19:15:16.817647 [debug] [MainThread]: Sending event: {'category': 'dbt', 'action': 'invocation', 'label': 'end', 'context': [<snowplow_tracker.self_describing_json.SelfDescribingJson object at 0x11b821190>, <snowplow_tracker.self_describing_json.SelfDescribingJson object at 0x11bdbdf40>, <snowplow_tracker.self_describing_json.SelfDescribingJson object at 0x10deeadb0>]}
[0m19:15:16.817943 [debug] [MainThread]: Flushing usage events
[0m19:15:17.266236 [debug] [MainThread]: An error was encountered while trying to flush usage events
